

2025-05-13 15:29:40 - New booking attempt
POST data: Array
(
    [appointment_date] => 2025-05-12
    [appointment_time] => 12:00:00
    [attendant_id] => 1
    [package_id] => 1
    [notes] => 678678
)

SESSION data: Array
(
    [patient_id] => 2
    [user_name] => Emil Joaquin Hinolan Diaz
    [user_username] => emil123
    [error] => Please fill in all required fields
)

Processed form data:
patient_id: 2
appointment_date: 2025-05-12
appointment_time: 12:00:00
attendant_id: 1
package_id: 1
service_id: 
Package booking created with ID: 2
Transaction rolled back. Error: Unknown column 'notes' in 'field list'


2025-05-13 15:32:19 - New booking attempt
POST data: Array
(
    [appointment_date] => 2025-05-12
    [appointment_time] => 13:00:00
    [attendant_id] => 1
    [package_id] => 1
    [notes] => try
)

SESSION data: Array
(
    [patient_id] => 2
    [user_name] => Emil Joaquin Hinolan Diaz
    [user_username] => emil123
    [error] => Unknown column 'notes' in 'field list'
)

Processed form data:
patient_id: 2
appointment_date: 2025-05-12
appointment_time: 13:00:00
attendant_id: 1
package_id: 1
service_id: 
Package booking created with ID: 3
Transaction rolled back. Error: Cannot add or update a child row: a foreign key constraint fails (`beauty_clinic2`.`package_appointments`, CONSTRAINT `package_appointments_attendant_id_fk` FOREIGN KEY (`attendant_id`) REFERENCES `attendants` (`attendant_id`))


2025-05-13 15:32:58 - New booking attempt
POST data: Array
(
    [appointment_date] => 2025-05-12
    [appointment_time] => 11:00:00
    [attendant_id] => 1
    [package_id] => 1
    [notes] => erwerwer
)

SESSION data: Array
(
    [patient_id] => 2
    [user_name] => Emil Joaquin Hinolan Diaz
    [user_username] => emil123
    [error] => Cannot add or update a child row: a foreign key constraint fails (`beauty_clinic2`.`package_appointments`, CONSTRAINT `package_appointments_attendant_id_fk` FOREIGN KEY (`attendant_id`) REFERENCES `attendants` (`attendant_id`))
)

Processed form data:
patient_id: 2
appointment_date: 2025-05-12
appointment_time: 11:00:00
attendant_id: 1
package_id: 1
service_id: 
Package booking created with ID: 4
Transaction rolled back. Error: Cannot add or update a child row: a foreign key constraint fails (`beauty_clinic2`.`package_appointments`, CONSTRAINT `package_appointments_attendant_id_fk` FOREIGN KEY (`attendant_id`) REFERENCES `attendants` (`attendant_id`))


2025-05-13 15:37:13 - New booking attempt
POST data: Array
(
    [appointment_date] => 2025-05-12
    [appointment_time] => 10:00:00
    [attendant_id] => 1
    [package_id] => 1
    [notes] => qeqe2
)

SESSION data: Array
(
    [patient_id] => 2
    [user_name] => Emil Joaquin Hinolan Diaz
    [user_username] => emil123
)

Processed form data:
patient_id: 2
appointment_date: 2025-05-12
appointment_time: 10:00:00
attendant_id: 1
package_id: 1
service_id: 
Package booking created with ID: 5
Package appointment created successfully
Transaction committed successfully


2025-05-13 15:41:01 - New booking attempt
POST data: Array
(
    [appointment_date] => 2025-05-21
    [appointment_time] => 11:00:00
    [attendant_id] => 1
    [package_id] => 1
    [notes] => 4t34tt34t
)

SESSION data: Array
(
    [patient_id] => 2
    [user_name] => Emil Joaquin Hinolan Diaz
    [user_username] => emil123
)

Processed form data:
patient_id: 2
appointment_date: 2025-05-21
appointment_time: 11:00:00
attendant_id: 1
package_id: 1
service_id: 
Package booking created with ID: 6
Package appointment created successfully
Transaction committed successfully
